C:\Program Files (x86)\Microsoft Visual Studio\2019\Community\MSBuild\Microsoft\VC\v160\Microsoft.CppBuild.targets(519,5): warning MSB8028: Katalog pośredni (Debug\) zawiera pliki udostępnione z innego projektu (szablon2vs17.vcxproj). Może to spowodować niepoprawne zachowanie podczas oczyszczania i ponownej kompilacji.
  main.cpp
D:\studia\template-project-2\main.cpp(309,12): warning C4244: "argument": konwersja z "time_t" do "unsigned int", możliwa utrata danych
D:\studia\template-project-2\main.cpp(379,30): warning C4244: "=": konwersja z "const double" do "int", możliwa utrata danych
D:\studia\template-project-2\main.cpp(380,29): warning C4244: "=": konwersja z "const double" do "int", możliwa utrata danych
D:\studia\template-project-2\main.cpp(381,35): warning C4244: "=": konwersja z "const double" do "int", możliwa utrata danych
D:\studia\template-project-2\main.cpp(382,34): warning C4244: "=": konwersja z "const double" do "int", możliwa utrata danych
D:\studia\template-project-2\main.cpp(489,53): warning C4244: "argument": konwersja z "double" do "int", możliwa utrata danych
D:\studia\template-project-2\main.cpp(575,36): warning C4244: "argument": konwersja z "double" do "int", możliwa utrata danych
D:\studia\template-project-2\main.cpp(578,61): warning C4244: "=": konwersja z "double" do "int", możliwa utrata danych
D:\studia\template-project-2\main.cpp(580,46): warning C4244: "argument": konwersja z "double" do "int", możliwa utrata danych
D:\studia\template-project-2\main.cpp(583,57): warning C4244: "=": konwersja z "double" do "int", możliwa utrata danych
D:\studia\template-project-2\main.cpp(584,32): warning C4244: "=": konwersja z "double" do "int", możliwa utrata danych
D:\studia\template-project-2\main.cpp(586,13): warning C4244: "argument": konwersja z "double" do "int", możliwa utrata danych
D:\studia\template-project-2\main.cpp(585,68): warning C4244: "argument": konwersja z "double" do "int", możliwa utrata danych
D:\studia\template-project-2\main.cpp(590,38): warning C4244: "=": konwersja z "double" do "int", możliwa utrata danych
D:\studia\template-project-2\main.cpp(591,58): warning C4244: "=": konwersja z "double" do "int", możliwa utrata danych
D:\studia\template-project-2\main.cpp(593,41): warning C4244: "argument": konwersja z "double" do "int", możliwa utrata danych
D:\studia\template-project-2\main.cpp(592,49): warning C4244: "argument": konwersja z "double" do "int", możliwa utrata danych
D:\studia\template-project-2\main.cpp(596,61): warning C4244: "=": konwersja z "double" do "int", możliwa utrata danych
D:\studia\template-project-2\main.cpp(597,74): warning C4244: "=": konwersja z "double" do "int", możliwa utrata danych
D:\studia\template-project-2\main.cpp(599,53): warning C4244: "argument": konwersja z "double" do "int", możliwa utrata danych
D:\studia\template-project-2\main.cpp(598,72): warning C4244: "argument": konwersja z "double" do "int", możliwa utrata danych
D:\studia\template-project-2\main.cpp(602,61): warning C4244: "=": konwersja z "double" do "int", możliwa utrata danych
D:\studia\template-project-2\main.cpp(603,74): warning C4244: "=": konwersja z "double" do "int", możliwa utrata danych
D:\studia\template-project-2\main.cpp(605,53): warning C4244: "argument": konwersja z "double" do "int", możliwa utrata danych
D:\studia\template-project-2\main.cpp(604,72): warning C4244: "argument": konwersja z "double" do "int", możliwa utrata danych
D:\studia\template-project-2\main.cpp(609,54): warning C4244: "=": konwersja z "double" do "int", możliwa utrata danych
D:\studia\template-project-2\main.cpp(610,67): warning C4244: "=": konwersja z "double" do "int", możliwa utrata danych
D:\studia\template-project-2\main.cpp(612,54): warning C4244: "argument": konwersja z "double" do "int", możliwa utrata danych
D:\studia\template-project-2\main.cpp(611,65): warning C4244: "argument": konwersja z "double" do "int", możliwa utrata danych
D:\studia\template-project-2\main.cpp(616,69): warning C4244: "=": konwersja z "double" do "int", możliwa utrata danych
D:\studia\template-project-2\main.cpp(618,39): warning C4244: "=": konwersja z "double" do "int", możliwa utrata danych
D:\studia\template-project-2\main.cpp(621,39): warning C4244: "argument": konwersja z "double" do "int", możliwa utrata danych
D:\studia\template-project-2\main.cpp(619,80): warning C4244: "argument": konwersja z "double" do "int", możliwa utrata danych
D:\studia\template-project-2\main.cpp(658,16): warning C4244: "=": konwersja z "double" do "int", możliwa utrata danych
D:\studia\template-project-2\main.cpp(761,28): warning C4244: "=": konwersja z "double" do "int", możliwa utrata danych
D:\studia\template-project-2\main.cpp(488,4): warning C4996: 'sprintf': This function or variable may be unsafe. Consider using sprintf_s instead. To disable deprecation, use _CRT_SECURE_NO_WARNINGS. See online help for details.
D:\studia\template-project-2\main.cpp(635,4): warning C4996: 'sprintf': This function or variable may be unsafe. Consider using sprintf_s instead. To disable deprecation, use _CRT_SECURE_NO_WARNINGS. See online help for details.
D:\studia\template-project-2\main.cpp(636,4): warning C4996: 'sprintf': This function or variable may be unsafe. Consider using sprintf_s instead. To disable deprecation, use _CRT_SECURE_NO_WARNINGS. See online help for details.
D:\studia\template-project-2\main.cpp(291,60): warning C4101: "platformHitbox": lokalna zmienna, do której nie istnieje odwołanie
D:\studia\template-project-2\main.cpp(858): warning C4715: "SDL_main”: niewszystkie ścieżki kodu zwracają wartość
  szablon2vs19.vcxproj -> D:\studia\template-project-2\Debug\szablon2vs19.exe
